Drill Listing
=============
Drill: .035  Tool: 1  Feed: 197  Speed: 550
X 150000  Y 120000
X 170000  Y 120000
X 190000  Y 130000
X 210000  Y 165000
X 230000  Y 130000
X 240000  Y 150000
X 270000  Y 120000
X 340000  Y 150000
X 360000  Y 150000
X 410000  Y 160000
X 410000  Y 135000
X 430000  Y 120000
X 430000  Y 170000
X 360000  Y 190000
X 340000  Y 180000
X 340000  Y 170000
X 340000  Y 200000
X 280000  Y 190000
X 270000  Y 170000
X 250000  Y 190000
X 240000  Y 190000
X 210000  Y 190000
X 170000  Y 170000
X 150000  Y 170000
X 150000  Y 250000
X 170000  Y 250000
X 210000  Y 225000
X 210000  Y 250000
X 240000  Y 230000
X 250000  Y 230000
X 270000  Y 250000
X 280000  Y 230000
X 340000  Y 240000
X 340000  Y 220000
X 340000  Y 250000
X 360000  Y 230000
X 410000  Y 255000
X 430000  Y 250000
X 430000  Y 300000
X 410000  Y 280000
X 360000  Y 270000
X 340000  Y 270000
X 270000  Y 300000
X 240000  Y 270000
X 230000  Y 290000
X 190000  Y 290000
X 170000  Y 300000
X 150000  Y 300000

Drill: .037  Tool: 2  Feed: 197  Speed: 550
X 260000  Y 190000
X 270000  Y 190000
X 330000  Y 130000
X 370000  Y 130000
X 380000  Y 180000
X 380000  Y 170000
X 380000  Y 160000
X 380000  Y 250000
X 380000  Y 260000
X 380000  Y 270000
X 370000  Y 290000
X 330000  Y 290000
X 270000  Y 230000
X 260000  Y 230000

Drill: .04  Tool: 3  Feed: 139  Speed: 550
X 300000  Y 130000
X 310000  Y 120000
X 320000  Y 130000
X 320000  Y 290000
X 310000  Y 300000
X 300000  Y 290000

Drill: .052  Tool: 4  Feed: 107  Speed: 550
X 140000  Y 190000
X 140000  Y 210000
X 450000  Y 210000
X 450000  Y 190000
X 450000  Y 230000
X 140000  Y 230000

Drill: .15  Tool: 5  Feed: 35  Speed: 900
X 310000  Y 195000
X 310000  Y 225000

End of Listing
